2020-04-19 10:09:04,897 DEBUG [main] InternalLoggerFactory:53 - Using Log4J as the default logging framework
2020-04-19 10:09:04,929 DEBUG [main] ResourceLeakDetector:130 - -Dio.netty.leakDetection.level: simple
2020-04-19 10:09:04,929 DEBUG [main] ResourceLeakDetector:131 - -Dio.netty.leakDetection.targetRecords: 4
2020-04-19 10:09:04,965 DEBUG [main] ResourceLeakDetectorFactory:195 - Loaded default ResourceLeakDetector: io.netty.util.ResourceLeakDetector@54c562f7
2020-04-19 10:09:05,038 DEBUG [main] PlatformDependent:1003 - Platform: Windows
2020-04-19 10:09:05,038 DEBUG [main] PlatformDependent0:396 - -Dio.netty.noUnsafe: false
2020-04-19 10:09:05,042 DEBUG [main] PlatformDependent0:852 - Java version: 8
2020-04-19 10:09:05,046 DEBUG [main] PlatformDependent0:121 - sun.misc.Unsafe.theUnsafe: available
2020-04-19 10:09:05,046 DEBUG [main] PlatformDependent0:145 - sun.misc.Unsafe.copyMemory: available
2020-04-19 10:09:05,046 DEBUG [main] PlatformDependent0:183 - java.nio.Buffer.address: available
2020-04-19 10:09:05,050 DEBUG [main] PlatformDependent0:244 - direct buffer constructor: available
2020-04-19 10:09:05,050 DEBUG [main] PlatformDependent0:314 - java.nio.Bits.unaligned: available, true
2020-04-19 10:09:05,054 DEBUG [main] PlatformDependent0:379 - jdk.internal.misc.Unsafe.allocateUninitializedArray(int): unavailable prior to Java9
2020-04-19 10:09:05,054 DEBUG [main] PlatformDependent0:386 - java.nio.DirectByteBuffer.<init>(long, int): available
2020-04-19 10:09:05,054 DEBUG [main] PlatformDependent:1046 - sun.misc.Unsafe: available
2020-04-19 10:09:05,120 DEBUG [main] PlatformDependent:1165 - -Dio.netty.tmpdir: C:\Users\DELL\AppData\Local\Temp (java.io.tmpdir)
2020-04-19 10:09:05,124 DEBUG [main] PlatformDependent:1244 - -Dio.netty.bitMode: 64 (sun.arch.data.model)
2020-04-19 10:09:05,128 DEBUG [main] PlatformDependent:177 - -Dio.netty.maxDirectMemory: 934281216 bytes
2020-04-19 10:09:05,128 DEBUG [main] PlatformDependent:184 - -Dio.netty.uninitializedArrayAllocationThreshold: -1
2020-04-19 10:09:05,132 DEBUG [main] CleanerJava6:92 - java.nio.ByteBuffer.cleaner(): available
2020-04-19 10:09:05,132 DEBUG [main] PlatformDependent:204 - -Dio.netty.noPreferDirect: false
2020-04-19 10:09:05,152 DEBUG [main] PlatformDependent:907 - org.jctools-core.MpscChunkedArrayQueue: available
2020-04-19 10:09:06,910 DEBUG [main] JdkSslContext:96 - Default protocols (JDK): [TLSv1.2, TLSv1.1, TLSv1] 
2020-04-19 10:09:06,915 DEBUG [main] JdkSslContext:97 - Default cipher suites (JDK): [TLS_ECDHE_ECDSA_WITH_AES_128_GCM_SHA256, TLS_ECDHE_RSA_WITH_AES_128_GCM_SHA256, TLS_ECDHE_RSA_WITH_AES_128_CBC_SHA, TLS_RSA_WITH_AES_128_GCM_SHA256, TLS_RSA_WITH_AES_128_CBC_SHA]
2020-04-19 10:09:06,964 DEBUG [main] InternalThreadLocalMap:56 - -Dio.netty.threadLocalMap.stringBuilder.initialSize: 1024
2020-04-19 10:09:06,968 DEBUG [main] InternalThreadLocalMap:59 - -Dio.netty.threadLocalMap.stringBuilder.maxSize: 4096
2020-04-19 10:09:06,988 DEBUG [main] MultithreadEventLoopGroup:44 - -Dio.netty.eventLoopThreads: 8
2020-04-19 10:09:07,086 DEBUG [main] NioEventLoop:106 - -Dio.netty.noKeySetOptimization: false
2020-04-19 10:09:07,090 DEBUG [main] NioEventLoop:107 - -Dio.netty.selectorAutoRebuildThreshold: 512
2020-04-19 10:09:07,415 DEBUG [main] PooledByteBufAllocator:156 - -Dio.netty.allocator.numHeapArenas: 8
2020-04-19 10:09:07,419 DEBUG [main] PooledByteBufAllocator:157 - -Dio.netty.allocator.numDirectArenas: 8
2020-04-19 10:09:07,419 DEBUG [main] PooledByteBufAllocator:159 - -Dio.netty.allocator.pageSize: 8192
2020-04-19 10:09:07,421 DEBUG [main] PooledByteBufAllocator:164 - -Dio.netty.allocator.maxOrder: 11
2020-04-19 10:09:07,421 DEBUG [main] PooledByteBufAllocator:168 - -Dio.netty.allocator.chunkSize: 16777216
2020-04-19 10:09:07,421 DEBUG [main] PooledByteBufAllocator:169 - -Dio.netty.allocator.tinyCacheSize: 512
2020-04-19 10:09:07,421 DEBUG [main] PooledByteBufAllocator:170 - -Dio.netty.allocator.smallCacheSize: 256
2020-04-19 10:09:07,421 DEBUG [main] PooledByteBufAllocator:171 - -Dio.netty.allocator.normalCacheSize: 64
2020-04-19 10:09:07,421 DEBUG [main] PooledByteBufAllocator:172 - -Dio.netty.allocator.maxCachedBufferCapacity: 32768
2020-04-19 10:09:07,426 DEBUG [main] PooledByteBufAllocator:173 - -Dio.netty.allocator.cacheTrimInterval: 8192
2020-04-19 10:09:07,426 DEBUG [main] PooledByteBufAllocator:174 - -Dio.netty.allocator.cacheTrimIntervalMillis: 0
2020-04-19 10:09:07,426 DEBUG [main] PooledByteBufAllocator:175 - -Dio.netty.allocator.useCacheForAllThreads: true
2020-04-19 10:09:07,426 DEBUG [main] PooledByteBufAllocator:176 - -Dio.netty.allocator.maxCachedByteBuffersPerChunk: 1023
2020-04-19 10:09:07,472 DEBUG [main] ByteBufUtil:86 - -Dio.netty.allocator.type: pooled
2020-04-19 10:09:07,472 DEBUG [main] ByteBufUtil:95 - -Dio.netty.threadLocalDirectBufferSize: 0
2020-04-19 10:09:07,472 DEBUG [main] ByteBufUtil:98 - -Dio.netty.maxThreadLocalCharBufferSize: 16384
2020-04-19 10:09:10,627 DEBUG [Forwarding newSession on session null to remote] DefaultChannelId:79 - -Dio.netty.processId: 11256 (auto-detected)
2020-04-19 10:09:10,632 DEBUG [Forwarding newSession on session null to remote] NetUtil:139 - -Djava.net.preferIPv4Stack: false
2020-04-19 10:09:10,632 DEBUG [Forwarding newSession on session null to remote] NetUtil:140 - -Djava.net.preferIPv6Addresses: false
2020-04-19 10:09:11,054 DEBUG [Forwarding newSession on session null to remote] NetUtil:224 - Loopback interface: lo (Software Loopback Interface 1, 127.0.0.1)
2020-04-19 10:09:11,054 DEBUG [Forwarding newSession on session null to remote] NetUtil:289 - Failed to get SOMAXCONN from sysctl and file \proc\sys\net\core\somaxconn. Default: 200
2020-04-19 10:09:11,441 DEBUG [Forwarding newSession on session null to remote] DefaultChannelId:101 - -Dio.netty.machineId: 70:1c:e7:ff:fe:96:2f:5d (auto-detected)
2020-04-19 10:09:11,635 DEBUG [AsyncHttpClient-3-1] AbstractByteBuf:63 - -Dio.netty.buffer.checkAccessible: true
2020-04-19 10:09:11,635 DEBUG [AsyncHttpClient-3-1] AbstractByteBuf:64 - -Dio.netty.buffer.checkBounds: true
2020-04-19 10:09:11,635 DEBUG [AsyncHttpClient-3-1] ResourceLeakDetectorFactory:195 - Loaded default ResourceLeakDetector: io.netty.util.ResourceLeakDetector@48a5de86
2020-04-19 10:09:11,713 DEBUG [AsyncHttpClient-3-1] Recycler:97 - -Dio.netty.recycler.maxCapacityPerThread: 4096
2020-04-19 10:09:11,718 DEBUG [AsyncHttpClient-3-1] Recycler:98 - -Dio.netty.recycler.maxSharedCapacityFactor: 2
2020-04-19 10:09:11,723 DEBUG [AsyncHttpClient-3-1] Recycler:99 - -Dio.netty.recycler.linkCapacity: 16
2020-04-19 10:09:11,723 DEBUG [AsyncHttpClient-3-1] Recycler:100 - -Dio.netty.recycler.ratio: 8
2020-04-19 10:09:37,562 DEBUG [main] ThreadLocalRandom:212 - -Dio.netty.initialSeedUniquifier: 0xe3a7121aa247a29c
